2026-06-14 03:00:00,001 INFO  app.startup: Application starting (version=2.4.1, env=production)
2026-06-14 03:00:01,234 INFO  app.db: Database connection established (host=prod-db-01, pool=20)
2026-06-14 03:00:05,012 INFO  app.server: Listening on 0.0.0.0:8080
2026-06-14 03:05:00,123 INFO  app.auth: User alice (uid=1001) authenticated successfully
2026-06-14 03:07:00,456 DEBUG app.cache: Cache hit ratio: 94.3% (last 5m)
2026-06-14 03:10:00,789 WARNING app.db: Connection pool pressure: 17/20 in use
2026-06-14 03:11:00,001 ERROR app.db: connection pool exhausted — all 20 connections in use, queue_depth=0
2026-06-14 03:11:02,100 ERROR app.api: Request to /api/data failed: connection pool exhausted
2026-06-14 03:11:05,200 ERROR app.db: connection pool exhausted — request rejected after 30s wait
2026-06-14 03:12:00,300 ERROR app.api: DatabaseError: connection pool exhausted
Traceback (most recent call last):
  File "/app/api/handlers.py", line 142, in handle_request
    conn = pool.acquire(timeout=30)
  File "/app/db/pool.py", line 89, in acquire
    raise PoolExhaustedError("connection pool exhausted after 30s")
app.db.pool.PoolExhaustedError: connection pool exhausted after 30s
2026-06-14 03:12:30,400 INFO  app.db: Connection pool released (in_use=12/20) — pressure easing
2026-06-14 03:19:00,500 INFO  app.db: Connection pool normal (in_use=5/20)
2026-06-14 04:00:00,000 INFO  app.metrics: Hourly: requests=1247, errors=31, p95_latency_ms=134
2026-06-14 06:30:00,100 WARNING app.cert: SSL certificate expires in 14 days (domain=api.example.com)
2026-06-14 08:00:00,200 INFO  app.scheduler: ETL job started
2026-06-14 08:45:02,300 INFO  app.scheduler: ETL job completed — 2,400,000 rows processed in 45m02s
2026-06-14 10:00:00,400 WARNING app.disk: disk usage at 87% (/var/log, 213/250 GB)
2026-06-14 11:00:00,500 WARNING app.disk: disk usage at 91% (/var/log, 228/250 GB)
2026-06-14 11:30:00,600 CRITICAL app.disk: disk usage CRITICAL 95% (/var/log, 238/250 GB) — log rotation triggered
2026-06-14 11:58:00,700 CRITICAL app.jvm: java.lang.OutOfMemoryError: Java heap space
Traceback (most recent call last):
  File "/app/report/generator.py", line 78, in generate_large_report
    data = [process(r) for r in all_records]
java.lang.OutOfMemoryError: Java heap space at com.example.ReportGenerator.generateAll(ReportGenerator.java:78)
2026-06-14 11:58:05,800 CRITICAL app.jvm: GC overhead limit exceeded — triggering emergency GC
2026-06-14 12:02:00,000 INFO  app.k8s: Worker pod restarted after OOMKilled — new pod online
2026-06-14 14:00:00,100 INFO  app.metrics: Traffic: 3421 req/min, error_rate=0.2%
2026-06-14 16:00:00,200 INFO  app.metrics: Traffic peak: 7892 req/min, error_rate=0.1%
2026-06-14 20:00:00,300 WARNING app.auth: Elevated login failures from 203.0.113.0/24 (87/min) — brute-force suspected
2026-06-14 20:00:15,400 CRITICAL app.auth: Account locked for user charlie after 15 failed login attempts
2026-06-14 22:31:00,500 CRITICAL app.ssl: SSL certificate chain broken — CERTIFICATE_VERIFY_FAILED (domain=api.example.com)
2026-06-14 22:31:05,600 CRITICAL app.ssl: SSL handshake error — TLS negotiation failed
2026-06-14 22:33:45,700 INFO  app.cert: Certificate renewed successfully
2026-06-14 23:55:00,900 INFO  app.metrics: Day summary: 187432 requests, 99.1% success, avg_latency=89ms
